C:\USERS\ERRANTSPORE\DROPBOX\SCHOOL\CS 4310 FALL 2013\CITY CLASS\DEBUG\CITYCLASS.OBJ
C:\USERS\ERRANTSPORE\DROPBOX\SCHOOL\CS 4310 FALL 2013\CITY CLASS\DEBUG\CLASSTESTER.OBJ
C:\USERS\ERRANTSPORE\DROPBOX\SCHOOL\CS 4310 FALL 2013\CITY CLASS\DEBUG\VC100.PDB
C:\USERS\ERRANTSPORE\DROPBOX\SCHOOL\CS 4310 FALL 2013\CITY CLASS\DEBUG\MAPCLASS.OBJ
C:\USERS\ERRANTSPORE\DROPBOX\SCHOOL\CS 4310 FALL 2013\CITY CLASS\DEBUG\TESTER.OBJ
C:\USERS\ERRANTSPORE\DROPBOX\SCHOOL\CS 4310 FALL 2013\CITY CLASS\DEBUG\VC110.PDB
C:\USERS\ERRANTSPORE\DROPBOX\SCHOOL\CS 4310 FALL 2013\CITY CLASS\DEBUG\CITY CLASS.EXE
C:\Users\ErrantSpore\Dropbox\School\CS 4310 Fall 2013\City Class\Debug\cityClass.obj
C:\Users\ErrantSpore\Dropbox\School\CS 4310 Fall 2013\City Class\Debug\classTester.obj
C:\Users\ErrantSpore\Dropbox\School\CS 4310 Fall 2013\City Class\Debug\mapClass.obj
C:\Users\ErrantSpore\Dropbox\School\CS 4310 Fall 2013\City Class\Debug\Tester.obj
C:\Users\ErrantSpore\Dropbox\School\CS 4310 Fall 2013\City Class\Debug\cl.command.1.tlog
C:\Users\ErrantSpore\Dropbox\School\CS 4310 Fall 2013\City Class\Debug\CL.read.1.tlog
C:\Users\ErrantSpore\Dropbox\School\CS 4310 Fall 2013\City Class\Debug\CL.write.1.tlog
C:\Users\ErrantSpore\Dropbox\School\CS 4310 Fall 2013\City Class\Debug\link-cvtres.read.1.tlog
C:\Users\ErrantSpore\Dropbox\School\CS 4310 Fall 2013\City Class\Debug\link-cvtres.write.1.tlog
C:\Users\ErrantSpore\Dropbox\School\CS 4310 Fall 2013\City Class\Debug\link-rc.read.1.tlog
C:\Users\ErrantSpore\Dropbox\School\CS 4310 Fall 2013\City Class\Debug\link-rc.write.1.tlog
C:\Users\ErrantSpore\Dropbox\School\CS 4310 Fall 2013\City Class\Debug\link.command.1.tlog
C:\Users\ErrantSpore\Dropbox\School\CS 4310 Fall 2013\City Class\Debug\link.read.1.tlog
C:\Users\ErrantSpore\Dropbox\School\CS 4310 Fall 2013\City Class\Debug\link.write.1.tlog
C:\Users\ErrantSpore\Dropbox\School\CS 4310 Fall 2013\City Class\Debug\mt.command.1.tlog
C:\Users\ErrantSpore\Dropbox\School\CS 4310 Fall 2013\City Class\Debug\mt.read.1.tlog
C:\Users\ErrantSpore\Dropbox\School\CS 4310 Fall 2013\City Class\Debug\mt.write.1.tlog
C:\Users\ErrantSpore\Dropbox\School\CS 4310 Fall 2013\City Class\Debug\City Class.exe.intermediate.manifest
C:\Users\ErrantSpore\Dropbox\School\CS 4310 Fall 2013\City Class\Debug\vc100.idb
C:\Users\ErrantSpore\Dropbox\School\CS 4310 Fall 2013\City Class\Debug\vc110.idb
C:\Users\ErrantSpore\Dropbox\School\CS 4310 Fall 2013\City Class\Debug\City Class.pdb
C:\Users\ErrantSpore\Dropbox\School\CS 4310 Fall 2013\City Class\Debug\vc100.pdb
C:\Users\ErrantSpore\Dropbox\School\CS 4310 Fall 2013\City Class\Debug\vc110.pdb
